Using pre-set license
Built from '2021.1/staging' branch; Version is '2021.1.12f1 (afcadd793de6) revision 11520733'; Using compiler version '192528614'; Build Type 'Release'
OS: 'Windows 10 Home; OS build 19042.1466; Version 2009; 64bit' Language: 'en' Physical Memory: 32681 MB
BatchMode: 1, IsHumanControllingUs: 0, StartBugReporterOnCrash: 0, Is64bit: 1, IsPro: 0

 COMMAND LINE ARGUMENTS:
C:\Program Files\2021.1.12f1\Editor\Unity.exe
-adb2
-batchMode
-noUpm
-name
AssetImportWorker0
-projectPath
D:/Unity/Shoot,Kill,Die,Repeat/Shoot-Kill-Die-Repeat
-logFile
Logs/AssetImportWorker0.log
-srvPort
59744
Successfully changed project path to: D:/Unity/Shoot,Kill,Die,Repeat/Shoot-Kill-Die-Repeat
D:/Unity/Shoot,Kill,Die,Repeat/Shoot-Kill-Die-Repeat
Using Asset Import Pipeline V2.
Refreshing native plugins compatible for Editor in 126.88 ms, found 3 plugins.
Preloading 0 native plugins for Editor in 0.00 ms.
Initialize engine version: 2021.1.12f1 (afcadd793de6)
[Subsystems] Discovering subsystems at path C:/Program Files/2021.1.12f1/Editor/Data/Resources/UnitySubsystems
[Subsystems] Discovering subsystems at path D:/Unity/Shoot,Kill,Die,Repeat/Shoot-Kill-Die-Repeat/Assets
GfxDevice: creating device client; threaded=0; jobified=0
Direct3D:
    Version:  Direct3D 11.0 [level 11.1]
    Renderer: NVIDIA GeForce RTX 2070 SUPER (ID=0x1e84)
    Vendor:   NVIDIA
    VRAM:     8011 MB
    Driver:   30.0.14.9729
Shader 'WFX/Transparent Specular': fallback shader 'Particles/Alpha Blended' not found
Shader 'WFX/Transparent Diffuse': fallback shader 'Particles/Alpha Blended' not found
Initialize mono
Mono path[0] = 'C:/Program Files/2021.1.12f1/Editor/Data/Managed'
Mono path[1] = 'C:/Program Files/2021.1.12f1/Editor/Data/MonoBleedingEdge/lib/mono/unityjit'
Mono config path = 'C:/Program Files/2021.1.12f1/Editor/Data/MonoBleedingEdge/etc'
Using monoOptions --debugger-agent=transport=dt_socket,embedding=1,server=y,suspend=n,address=127.0.0.1:56972
Begin MonoManager ReloadAssembly
Registering precompiled unity dll's ...
Register platform support module: C:/Program Files/2021.1.12f1/Editor/Data/PlaybackEngines/WindowsStandaloneSupport/UnityEditor.WindowsStandalone.Extensions.dll
Registered in 0.001277 seconds.
Native extension for WindowsStandalone target not found
Refreshing native plugins compatible for Editor in 133.04 ms, found 3 plugins.
Preloading 0 native plugins for Editor in 0.00 ms.
Mono: successfully reloaded assembly
- Completed reload, in  1.278 seconds
Domain Reload Profiling:
	ReloadAssembly (1278ms)
		BeginReloadAssembly (42ms)
			ExecutionOrderSort (0ms)
			DisableScriptedObjects (0ms)
			BackupInstance (0ms)
			ReleaseScriptingObjects (0ms)
			CreateAndSetChildDomain (1ms)
		EndReloadAssembly (463ms)
			LoadAssemblies (40ms)
			RebuildTransferFunctionScriptingTraits (0ms)
			SetupTypeCache (156ms)
			ReleaseScriptCaches (0ms)
			RebuildScriptCaches (26ms)
			SetupLoadedEditorAssemblies (243ms)
				LogAssemblyErrors (0ms)
				InitializePlatformSupportModulesInManaged (5ms)
				SetLoadedEditorAssemblies (0ms)
				RefreshPlugins (133ms)
				BeforeProcessingInitializeOnLoad (1ms)
				ProcessInitializeOnLoadAttributes (79ms)
				ProcessInitializeOnLoadMethodAttributes (25ms)
				AfterProcessingInitializeOnLoad (0ms)
				EditorAssembliesLoaded (0ms)
			ExecutionOrderSort2 (0ms)
			AwakeInstancesAfterBackupRestoration (0ms)
Platform modules already initialized, skipping
Registering precompiled user dll's ...
Registered in 0.003239 seconds.
Begin MonoManager ReloadAssembly
Symbol file LoadedFromMemory doesn't match image D:\Unity\Shoot,Kill,Die,Repeat\Shoot-Kill-Die-Repeat\Library\PackageCache\com.unity.visualscripting@1.6.1\Editor\VisualScripting.Core\Dependencies\YamlDotNet\Unity.VisualScripting.YamlDotNet.dll
Symbol file LoadedFromMemory doesn't match image D:\Unity\Shoot,Kill,Die,Repeat\Shoot-Kill-Die-Repeat\Library\PackageCache\com.unity.visualscripting@1.6.1\Editor\VisualScripting.Core\Dependencies\DotNetZip\Unity.VisualScripting.IonicZip.dll
Native extension for WindowsStandalone target not found
Refreshing native plugins compatible for Editor in 132.59 ms, found 3 plugins.
Preloading 0 native plugins for Editor in 0.00 ms.
Mono: successfully reloaded assembly
- Completed reload, in  1.332 seconds
Domain Reload Profiling:
	ReloadAssembly (1332ms)
		BeginReloadAssembly (124ms)
			ExecutionOrderSort (0ms)
			DisableScriptedObjects (4ms)
			BackupInstance (0ms)
			ReleaseScriptingObjects (0ms)
			CreateAndSetChildDomain (17ms)
		EndReloadAssembly (1156ms)
			LoadAssemblies (72ms)
			RebuildTransferFunctionScriptingTraits (0ms)
			SetupTypeCache (322ms)
			ReleaseScriptCaches (1ms)
			RebuildScriptCaches (53ms)
			SetupLoadedEditorAssemblies (614ms)
				LogAssemblyErrors (0ms)
				InitializePlatformSupportModulesInManaged (3ms)
				SetLoadedEditorAssemblies (0ms)
				RefreshPlugins (133ms)
				BeforeProcessingInitializeOnLoad (85ms)
				ProcessInitializeOnLoadAttributes (385ms)
				ProcessInitializeOnLoadMethodAttributes (4ms)
				AfterProcessingInitializeOnLoad (4ms)
				EditorAssembliesLoaded (0ms)
			ExecutionOrderSort2 (0ms)
			AwakeInstancesAfterBackupRestoration (5ms)
Platform modules already initialized, skipping
========================================================================
Worker process is ready to serve import requests
Shader 'WFX/Transparent Specular': fallback shader 'Particles/Alpha Blended' not found
Shader 'WFX/Transparent Diffuse': fallback shader 'Particles/Alpha Blended' not found
Launched and connected shader compiler UnityShaderCompiler.exe after 0.03 seconds
Refreshing native plugins compatible for Editor in 1.32 ms, found 3 plugins.
Preloading 0 native plugins for Editor in 0.00 ms.
Unloading 4805 Unused Serialized files (Serialized files now loaded: 0)
System memory in use before: 224.0 MB.
System memory in use after: 221.5 MB.

Unloading 149 unused Assets to reduce memory usage. Loaded Objects now: 5228.
Total: 4.109700 ms (FindLiveObjects: 0.390600 ms CreateObjectMapping: 0.125900 ms MarkObjects: 2.504300 ms  DeleteObjects: 1.088000 ms)

AssetImportParameters requested are different than current active one (requested -> active):
  custom:framework-win-MediaFoundation: 216162199b28c13a410421893ffa2e32 -> 
  custom:video-decoder-ogg-theora: a1e56fd34408186e4bbccfd4996cb3dc -> 
  custom:container-muxer-webm: aa71ff27fc2769a1b78a27578f13a17b -> 
  custom:container-demuxer-webm: 4f35f7cbe854078d1ac9338744f61a02 -> 
  custom:container-demuxer-ogg: 62fdf1f143b41e24485cea50d1cbac27 -> 
  custom:video-encoder-webm-vp8: eb34c28f22e8b96e1ab97ce403110664 -> 
  custom:video-decoder-webm-vp8: 9c59270c3fd7afecdb556c50c9e8de78 -> 
  custom:audio-decoder-ogg-vorbis: bf7c407c2cedff20999df2af8eb42d56 -> 
  custom:audio-encoder-webm-vorbis: bf7c407c2cedff20999df2af8eb42d56 -> 
========================================================================
Received Import Request.
  path: Assets/Assets/Art/Shaders/Graph/Lava.shadergraph
  artifactKey: Guid(a6234014c971c8b45baaee9a0beee04a) Importer(815301076,1909f56bfc062723c751e8b465ee728b)
Start importing Assets/Assets/Art/Shaders/Graph/Lava.shadergraph using Guid(a6234014c971c8b45baaee9a0beee04a) Importer(815301076,1909f56bfc062723c751e8b465ee728b)  -> (artifact id: '3601f109c52be38c78c6aadc1bdd5762') in 0.060894 seconds 
========================================================================
Received Import Request.
  Time since last request: 0.000172 seconds.
  path: Assets/Assets/Art/Material/Enemy/EnviromentalHazard/Lava/Materials/lava.mat
  artifactKey: Guid(637ec49d51ce7aa4ca5e6c600696aeed) Importer(815301076,1909f56bfc062723c751e8b465ee728b)
Start importing Assets/Assets/Art/Material/Enemy/EnviromentalHazard/Lava/Materials/lava.mat using Guid(637ec49d51ce7aa4ca5e6c600696aeed) Importer(815301076,1909f56bfc062723c751e8b465ee728b)  -> (artifact id: 'aa9da2a73b53ed7eb7ea21a42542e8f4') in 0.260005 seconds 
========================================================================
Received Import Request.
  Time since last request: 36.453110 seconds.
  path: Assets/Assets/Art/Shaders/Graph/Lava.shadergraph
  artifactKey: Guid(a6234014c971c8b45baaee9a0beee04a) Importer(815301076,1909f56bfc062723c751e8b465ee728b)
Start importing Assets/Assets/Art/Shaders/Graph/Lava.shadergraph using Guid(a6234014c971c8b45baaee9a0beee04a) Importer(815301076,1909f56bfc062723c751e8b465ee728b)  -> (artifact id: '6e90175c4afcb832c06fd6f9fa772326') in 0.002032 seconds 
========================================================================
Received Import Request.
  Time since last request: 5.738418 seconds.
  path: Assets/Assets/Art/Shaders/Graph/Lava.shadergraph
  artifactKey: Guid(a6234014c971c8b45baaee9a0beee04a) Importer(815301076,1909f56bfc062723c751e8b465ee728b)
Start importing Assets/Assets/Art/Shaders/Graph/Lava.shadergraph using Guid(a6234014c971c8b45baaee9a0beee04a) Importer(815301076,1909f56bfc062723c751e8b465ee728b)  -> (artifact id: '2ff676b86c2ff8685173dced85da5913') in 0.001741 seconds 
========================================================================
Received Import Request.
  Time since last request: 1627.173165 seconds.
  path: Assets/Assets/Art/Shaders/Graph/Lava.mat
  artifactKey: Guid(67eba83e8f72cb34d9b1721ba48f7df3) Importer(815301076,1909f56bfc062723c751e8b465ee728b)
Start importing Assets/Assets/Art/Shaders/Graph/Lava.mat using Guid(67eba83e8f72cb34d9b1721ba48f7df3) Importer(815301076,1909f56bfc062723c751e8b465ee728b)  -> (artifact id: '321c62f046efeb062d9d89711084c883') in 0.021234 seconds 
========================================================================
Received Import Request.
  Time since last request: 507.698141 seconds.
  path: Assets/Assets/Art/Shaders/Graph/Lava.mat
  artifactKey: Guid(67eba83e8f72cb34d9b1721ba48f7df3) Importer(815301076,1909f56bfc062723c751e8b465ee728b)
Start importing Assets/Assets/Art/Shaders/Graph/Lava.mat using Guid(67eba83e8f72cb34d9b1721ba48f7df3) Importer(815301076,1909f56bfc062723c751e8b465ee728b)  -> (artifact id: 'f9c884f89e11b77c9d80b73f5af7c1ce') in 0.015737 seconds 
========================================================================
Received Import Request.
  Time since last request: 6372.183605 seconds.
  path: Assets/Assets/Art/Shaders/Graph/Lava.mat
  artifactKey: Guid(67eba83e8f72cb34d9b1721ba48f7df3) Importer(815301076,1909f56bfc062723c751e8b465ee728b)
Start importing Assets/Assets/Art/Shaders/Graph/Lava.mat using Guid(67eba83e8f72cb34d9b1721ba48f7df3) Importer(815301076,1909f56bfc062723c751e8b465ee728b)  -> (artifact id: '96c240e05a73ebf6efa15c728ac6641b') in 0.013478 seconds 
========================================================================
Received Import Request.
  Time since last request: 0.935329 seconds.
  path: Assets/Assets/Art/Shaders/Graph/Lava.shadergraph
  artifactKey: Guid(a6234014c971c8b45baaee9a0beee04a) Importer(815301076,1909f56bfc062723c751e8b465ee728b)
Start importing Assets/Assets/Art/Shaders/Graph/Lava.shadergraph using Guid(a6234014c971c8b45baaee9a0beee04a) Importer(815301076,1909f56bfc062723c751e8b465ee728b)  -> (artifact id: '3a39fa68110bbd3605241f6f6e9af8a6') in 0.003095 seconds 
========================================================================
Received Import Request.
  Time since last request: 43.892624 seconds.
  path: Assets/Assets/Art/Shaders/Graph/Lava2.shadergraph
  artifactKey: Guid(af57afbada90cc340b799f20f0a36dbd) Importer(815301076,1909f56bfc062723c751e8b465ee728b)
Start importing Assets/Assets/Art/Shaders/Graph/Lava2.shadergraph using Guid(af57afbada90cc340b799f20f0a36dbd) Importer(815301076,1909f56bfc062723c751e8b465ee728b)  -> (artifact id: 'd4ba086d9365de31a5ff50cc4f71a0ed') in 0.005666 seconds 
========================================================================
Received Import Request.
  Time since last request: 844.403366 seconds.
  path: Assets/Assets/Art/Shaders/Graph/Lava2.shadergraph
  artifactKey: Guid(af57afbada90cc340b799f20f0a36dbd) Importer(815301076,1909f56bfc062723c751e8b465ee728b)
Start importing Assets/Assets/Art/Shaders/Graph/Lava2.shadergraph using Guid(af57afbada90cc340b799f20f0a36dbd) Importer(815301076,1909f56bfc062723c751e8b465ee728b)  -> (artifact id: '74d15e76bee3d2a7347fc84061b06671') in 0.002865 seconds 
========================================================================
Received Import Request.
  Time since last request: 33.501445 seconds.
  path: Assets/Assets/Art/Shaders/Graph/Water.shadergraph
  artifactKey: Guid(a6234014c971c8b45baaee9a0beee04a) Importer(815301076,1909f56bfc062723c751e8b465ee728b)
Start importing Assets/Assets/Art/Shaders/Graph/Water.shadergraph using Guid(a6234014c971c8b45baaee9a0beee04a) Importer(815301076,1909f56bfc062723c751e8b465ee728b)  -> (artifact id: '6c748d58a67cc83f5b260bde27e94fa6') in 0.006333 seconds 
========================================================================
Received Import Request.
  Time since last request: 42.743098 seconds.
  path: Assets/Assets/Art/Shaders/Lava.mat
  artifactKey: Guid(171bbcae89e27ac4fbde07e86f16bf00) Importer(815301076,1909f56bfc062723c751e8b465ee728b)
Start importing Assets/Assets/Art/Shaders/Lava.mat using Guid(171bbcae89e27ac4fbde07e86f16bf00) Importer(815301076,1909f56bfc062723c751e8b465ee728b)  -> (artifact id: 'a0734cf266514ebd4cc6b74e6914c365') in 0.042827 seconds 
========================================================================
Received Import Request.
  Time since last request: 11.857009 seconds.
  path: Assets/Assets/Art/Shaders/Graph/Lava.shadergraph
  artifactKey: Guid(af57afbada90cc340b799f20f0a36dbd) Importer(815301076,1909f56bfc062723c751e8b465ee728b)
Start importing Assets/Assets/Art/Shaders/Graph/Lava.shadergraph using Guid(af57afbada90cc340b799f20f0a36dbd) Importer(815301076,1909f56bfc062723c751e8b465ee728b)  -> (artifact id: 'cc06067fba9e595f05d423105a5b76b8') in 0.002690 seconds 
========================================================================
Received Import Request.
  Time since last request: 301.297877 seconds.
  path: Assets/Assets/Art/Shaders/Lava.mat
  artifactKey: Guid(171bbcae89e27ac4fbde07e86f16bf00) Importer(815301076,1909f56bfc062723c751e8b465ee728b)
Start importing Assets/Assets/Art/Shaders/Lava.mat using Guid(171bbcae89e27ac4fbde07e86f16bf00) Importer(815301076,1909f56bfc062723c751e8b465ee728b)  -> (artifact id: 'a5558d410d44450c67e8ba9982301b9c') in 0.029511 seconds 
========================================================================
Received Import Request.
  Time since last request: 177.477440 seconds.
  path: Assets/Assets/Prefab/Enemy/Enviromental_Hazard/FirePit.prefab
  artifactKey: Guid(94e703aa0270d804db10a333c6449b5f) Importer(815301076,1909f56bfc062723c751e8b465ee728b)
Start importing Assets/Assets/Prefab/Enemy/Enviromental_Hazard/FirePit.prefab using Guid(94e703aa0270d804db10a333c6449b5f) Importer(815301076,1909f56bfc062723c751e8b465ee728b)  -> (artifact id: '0a8a2d92310c5df22fdbbe5988b6df83') in 0.060560 seconds 
========================================================================
Received Import Request.
  Time since last request: 12.069173 seconds.
  path: Assets/Assets/Art/Shaders/Lava.mat
  artifactKey: Guid(171bbcae89e27ac4fbde07e86f16bf00) Importer(815301076,1909f56bfc062723c751e8b465ee728b)
Start importing Assets/Assets/Art/Shaders/Lava.mat using Guid(171bbcae89e27ac4fbde07e86f16bf00) Importer(815301076,1909f56bfc062723c751e8b465ee728b)  -> (artifact id: 'f22d3a451ed55963aef82ba3f2a2728b') in 0.022942 seconds 
========================================================================
Received Prepare
Registering precompiled user dll's ...
Registered in 0.107828 seconds.
Begin MonoManager ReloadAssembly
Symbol file LoadedFromMemory doesn't match image D:\Unity\Shoot,Kill,Die,Repeat\Shoot-Kill-Die-Repeat\Library\PackageCache\com.unity.visualscripting@1.6.1\Editor\VisualScripting.Core\Dependencies\YamlDotNet\Unity.VisualScripting.YamlDotNet.dll
Symbol file LoadedFromMemory doesn't match image D:\Unity\Shoot,Kill,Die,Repeat\Shoot-Kill-Die-Repeat\Library\PackageCache\com.unity.visualscripting@1.6.1\Editor\VisualScripting.Core\Dependencies\DotNetZip\Unity.VisualScripting.IonicZip.dll
Native extension for WindowsStandalone target not found
Refreshing native plugins compatible for Editor in 1.12 ms, found 3 plugins.
Preloading 0 native plugins for Editor in 0.00 ms.
Warning: Annotation not found!
UnityEngine.StackTraceUtility:ExtractStackTrace ()
UnityEditor.ProBuilder.EditorUtility:SetGizmoIconEnabled (System.Type,bool) (at Library/PackageCache/com.unity.probuilder@5.0.3/Editor/EditorCore/EditorUtility.cs:575)
UnityEditor.ProBuilder.HierarchyListener:.cctor () (at Library/PackageCache/com.unity.probuilder@5.0.3/Editor/EditorCore/HierarchyListener.cs:21)
System.Runtime.CompilerServices.RuntimeHelpers:RunClassConstructor (System.RuntimeTypeHandle)
UnityEditor.EditorAssemblies:ProcessInitializeOnLoadAttributes (System.Type[])

[Library/PackageCache/com.unity.probuilder@5.0.3/Editor/EditorCore/EditorUtility.cs line 575]

Mono: successfully reloaded assembly
- Completed reload, in  1.089 seconds
Domain Reload Profiling:
	ReloadAssembly (1089ms)
		BeginReloadAssembly (122ms)
			ExecutionOrderSort (0ms)
			DisableScriptedObjects (6ms)
			BackupInstance (0ms)
			ReleaseScriptingObjects (0ms)
			CreateAndSetChildDomain (37ms)
		EndReloadAssembly (916ms)
			LoadAssemblies (70ms)
			RebuildTransferFunctionScriptingTraits (0ms)
			SetupTypeCache (312ms)
			ReleaseScriptCaches (1ms)
			RebuildScriptCaches (39ms)
			SetupLoadedEditorAssemblies (359ms)
				LogAssemblyErrors (0ms)
				InitializePlatformSupportModulesInManaged (4ms)
				SetLoadedEditorAssemblies (0ms)
				RefreshPlugins (1ms)
				BeforeProcessingInitializeOnLoad (58ms)
				ProcessInitializeOnLoadAttributes (288ms)
				ProcessInitializeOnLoadMethodAttributes (4ms)
				AfterProcessingInitializeOnLoad (4ms)
				EditorAssembliesLoaded (0ms)
			ExecutionOrderSort2 (0ms)
			AwakeInstancesAfterBackupRestoration (11ms)
Platform modules already initialized, skipping
Shader 'WFX/Transparent Specular': fallback shader 'Particles/Alpha Blended' not found
Shader 'WFX/Transparent Diffuse': fallback shader 'Particles/Alpha Blended' not found
Refreshing native plugins compatible for Editor in 1.17 ms, found 3 plugins.
Preloading 0 native plugins for Editor in 0.00 ms.
Unloading 4658 Unused Serialized files (Serialized files now loaded: 0)
System memory in use before: 220.9 MB.
System memory in use after: 218.4 MB.

Unloading 50 unused Assets to reduce memory usage. Loaded Objects now: 5310.
Total: 4.691700 ms (FindLiveObjects: 0.553000 ms CreateObjectMapping: 0.175300 ms MarkObjects: 3.013900 ms  DeleteObjects: 0.948600 ms)

AssetImportParameters requested are different than current active one (requested -> active):
  custom:framework-win-MediaFoundation: 216162199b28c13a410421893ffa2e32 -> 
  custom:video-decoder-ogg-theora: a1e56fd34408186e4bbccfd4996cb3dc -> 
  custom:container-muxer-webm: aa71ff27fc2769a1b78a27578f13a17b -> 
  custom:container-demuxer-webm: 4f35f7cbe854078d1ac9338744f61a02 -> 
  custom:container-demuxer-ogg: 62fdf1f143b41e24485cea50d1cbac27 -> 
  custom:video-encoder-webm-vp8: eb34c28f22e8b96e1ab97ce403110664 -> 
  custom:video-decoder-webm-vp8: 9c59270c3fd7afecdb556c50c9e8de78 -> 
  custom:audio-decoder-ogg-vorbis: bf7c407c2cedff20999df2af8eb42d56 -> 
  custom:audio-encoder-webm-vorbis: bf7c407c2cedff20999df2af8eb42d56 -> 
========================================================================
Received Prepare
Registering precompiled user dll's ...
Registered in 0.004073 seconds.
Begin MonoManager ReloadAssembly
Symbol file LoadedFromMemory doesn't match image D:\Unity\Shoot,Kill,Die,Repeat\Shoot-Kill-Die-Repeat\Library\PackageCache\com.unity.visualscripting@1.6.1\Editor\VisualScripting.Core\Dependencies\YamlDotNet\Unity.VisualScripting.YamlDotNet.dll
Symbol file LoadedFromMemory doesn't match image D:\Unity\Shoot,Kill,Die,Repeat\Shoot-Kill-Die-Repeat\Library\PackageCache\com.unity.visualscripting@1.6.1\Editor\VisualScripting.Core\Dependencies\DotNetZip\Unity.VisualScripting.IonicZip.dll
Native extension for WindowsStandalone target not found
Refreshing native plugins compatible for Editor in 1.24 ms, found 3 plugins.
Preloading 0 native plugins for Editor in 0.00 ms.
Warning: Annotation not found!
UnityEngine.StackTraceUtility:ExtractStackTrace ()
UnityEditor.ProBuilder.EditorUtility:SetGizmoIconEnabled (System.Type,bool) (at Library/PackageCache/com.unity.probuilder@5.0.3/Editor/EditorCore/EditorUtility.cs:575)
UnityEditor.ProBuilder.HierarchyListener:.cctor () (at Library/PackageCache/com.unity.probuilder@5.0.3/Editor/EditorCore/HierarchyListener.cs:21)
System.Runtime.CompilerServices.RuntimeHelpers:RunClassConstructor (System.RuntimeTypeHandle)
UnityEditor.EditorAssemblies:ProcessInitializeOnLoadAttributes (System.Type[])

[Library/PackageCache/com.unity.probuilder@5.0.3/Editor/EditorCore/EditorUtility.cs line 575]

Mono: successfully reloaded assembly
- Completed reload, in  1.130 seconds
Domain Reload Profiling:
	ReloadAssembly (1130ms)
		BeginReloadAssembly (119ms)
			ExecutionOrderSort (0ms)
			DisableScriptedObjects (4ms)
			BackupInstance (0ms)
			ReleaseScriptingObjects (0ms)
			CreateAndSetChildDomain (36ms)
		EndReloadAssembly (952ms)
			LoadAssemblies (79ms)
			RebuildTransferFunctionScriptingTraits (0ms)
			SetupTypeCache (361ms)
			ReleaseScriptCaches (2ms)
			RebuildScriptCaches (46ms)
			SetupLoadedEditorAssemblies (331ms)
				LogAssemblyErrors (0ms)
				InitializePlatformSupportModulesInManaged (5ms)
				SetLoadedEditorAssemblies (1ms)
				RefreshPlugins (1ms)
				BeforeProcessingInitializeOnLoad (67ms)
				ProcessInitializeOnLoadAttributes (247ms)
				ProcessInitializeOnLoadMethodAttributes (5ms)
				AfterProcessingInitializeOnLoad (5ms)
				EditorAssembliesLoaded (0ms)
			ExecutionOrderSort2 (0ms)
			AwakeInstancesAfterBackupRestoration (13ms)
Platform modules already initialized, skipping
Shader 'WFX/Transparent Specular': fallback shader 'Particles/Alpha Blended' not found
Shader 'WFX/Transparent Diffuse': fallback shader 'Particles/Alpha Blended' not found
Refreshing native plugins compatible for Editor in 1.46 ms, found 3 plugins.
Preloading 0 native plugins for Editor in 0.00 ms.
Unloading 4657 Unused Serialized files (Serialized files now loaded: 0)
System memory in use before: 220.9 MB.
System memory in use after: 218.4 MB.

Unloading 50 unused Assets to reduce memory usage. Loaded Objects now: 5313.
Total: 4.895400 ms (FindLiveObjects: 0.426900 ms CreateObjectMapping: 0.127500 ms MarkObjects: 3.236400 ms  DeleteObjects: 1.103400 ms)

AssetImportParameters requested are different than current active one (requested -> active):
  custom:framework-win-MediaFoundation: 216162199b28c13a410421893ffa2e32 -> 
  custom:video-decoder-ogg-theora: a1e56fd34408186e4bbccfd4996cb3dc -> 
  custom:container-muxer-webm: aa71ff27fc2769a1b78a27578f13a17b -> 
  custom:container-demuxer-webm: 4f35f7cbe854078d1ac9338744f61a02 -> 
  custom:container-demuxer-ogg: 62fdf1f143b41e24485cea50d1cbac27 -> 
  custom:video-encoder-webm-vp8: eb34c28f22e8b96e1ab97ce403110664 -> 
  custom:video-decoder-webm-vp8: 9c59270c3fd7afecdb556c50c9e8de78 -> 
  custom:audio-decoder-ogg-vorbis: bf7c407c2cedff20999df2af8eb42d56 -> 
  custom:audio-encoder-webm-vorbis: bf7c407c2cedff20999df2af8eb42d56 -> 
========================================================================
Received Import Request.
  Time since last request: 1539.669704 seconds.
  path: Assets/Assets/Prefab/TestProp&Prefab/Room(Test)/Rooms/Room_01.prefab
  artifactKey: Guid(97d564c3de899c54cad7a6a6ab2c1cd0) Importer(815301076,1909f56bfc062723c751e8b465ee728b)
Start importing Assets/Assets/Prefab/TestProp&Prefab/Room(Test)/Rooms/Room_01.prefab using Guid(97d564c3de899c54cad7a6a6ab2c1cd0) Importer(815301076,1909f56bfc062723c751e8b465ee728b)  -> (artifact id: '20461c9c2b8471b8542e3d73e768540e') in 0.577232 seconds 
========================================================================
Received Import Request.
  Time since last request: 0.000161 seconds.
  path: Assets/Assets/Prefab/TestProp&Prefab/Room(Test)/Rooms/Room_03.prefab
  artifactKey: Guid(e6c337120bd073a43bb76fc852b94393) Importer(815301076,1909f56bfc062723c751e8b465ee728b)
Start importing Assets/Assets/Prefab/TestProp&Prefab/Room(Test)/Rooms/Room_03.prefab using Guid(e6c337120bd073a43bb76fc852b94393) Importer(815301076,1909f56bfc062723c751e8b465ee728b)  -> (artifact id: 'f91ab0b56921e14b41b0d2525cc321b4') in 0.086423 seconds 
========================================================================
Received Import Request.
  Time since last request: 0.000185 seconds.
  path: Assets/Assets/Prefab/Room/Level1_Rooms/Room_4.prefab
  artifactKey: Guid(2a0dbb8c73e3f434d88090f888e6df39) Importer(815301076,1909f56bfc062723c751e8b465ee728b)
Start importing Assets/Assets/Prefab/Room/Level1_Rooms/Room_4.prefab using Guid(2a0dbb8c73e3f434d88090f888e6df39) Importer(815301076,1909f56bfc062723c751e8b465ee728b)  -> (artifact id: 'e4a778567f051e8864fa7392d143346f') in 0.715534 seconds 
========================================================================
Received Import Request.
  Time since last request: 0.000207 seconds.
  path: Assets/Assets/Prefab/Room/Level1_Rooms/Room_2.prefab
  artifactKey: Guid(2d880a3a2e3faf44f9f2601e114f0b1f) Importer(815301076,1909f56bfc062723c751e8b465ee728b)
Start importing Assets/Assets/Prefab/Room/Level1_Rooms/Room_2.prefab using Guid(2d880a3a2e3faf44f9f2601e114f0b1f) Importer(815301076,1909f56bfc062723c751e8b465ee728b)  -> (artifact id: 'b3f3bf4c8753571c92734781baaa0088') in 0.904396 seconds 
========================================================================
Received Import Request.
  Time since last request: 0.000203 seconds.
  path: Assets/Assets/Prefab/Room/Level1_Rooms/Room_3.prefab
  artifactKey: Guid(96a207c48a310004ab4d10a86de52c65) Importer(815301076,1909f56bfc062723c751e8b465ee728b)
Start importing Assets/Assets/Prefab/Room/Level1_Rooms/Room_3.prefab using Guid(96a207c48a310004ab4d10a86de52c65) Importer(815301076,1909f56bfc062723c751e8b465ee728b)  -> (artifact id: 'f76906862983554ef340afa33f11aa5a') in 0.452843 seconds 
========================================================================
Received Import Request.
  Time since last request: 0.000205 seconds.
  path: Assets/Assets/Prefab/TestProp&Prefab/Room(Test)/Rooms/Room_02.prefab
  artifactKey: Guid(2733c266acacbf54fb4f0eda8a83df40) Importer(815301076,1909f56bfc062723c751e8b465ee728b)
Start importing Assets/Assets/Prefab/TestProp&Prefab/Room(Test)/Rooms/Room_02.prefab using Guid(2733c266acacbf54fb4f0eda8a83df40) Importer(815301076,1909f56bfc062723c751e8b465ee728b)  -> (artifact id: '4f7b88c862e557988e9700d27fc9e787') in 0.031732 seconds 
========================================================================
Received Import Request.
  Time since last request: 0.000176 seconds.
  path: Assets/Assets/Prefab/TestProp&Prefab/Room(Test)/Rooms/Room_04.prefab
  artifactKey: Guid(d45fd5840b229834da61d3cb4b69c678) Importer(815301076,1909f56bfc062723c751e8b465ee728b)
Start importing Assets/Assets/Prefab/TestProp&Prefab/Room(Test)/Rooms/Room_04.prefab using Guid(d45fd5840b229834da61d3cb4b69c678) Importer(815301076,1909f56bfc062723c751e8b465ee728b)  -> (artifact id: '22ad99a5b67991b5513e0c9ba2b9dcb6') in 0.111639 seconds 
========================================================================
Received Import Request.
  Time since last request: 0.000189 seconds.
  path: Assets/Assets/Prefab/Room/Level1_Rooms/Room_1.prefab
  artifactKey: Guid(571f45207e60c1647a5f3d6be8297282) Importer(815301076,1909f56bfc062723c751e8b465ee728b)
Start importing Assets/Assets/Prefab/Room/Level1_Rooms/Room_1.prefab using Guid(571f45207e60c1647a5f3d6be8297282) Importer(815301076,1909f56bfc062723c751e8b465ee728b)  -> (artifact id: 'a9c24fbde60c200e8bb3953a43532ae4') in 0.304413 seconds 
========================================================================
Received Import Request.
  Time since last request: 2.205483 seconds.
  path: Assets/Assets/Prefab/TestProp&Prefab/Room(Test)/Rooms/Room_05.prefab
  artifactKey: Guid(2c6f8ee1a16ece94f8f99fd4a1058220) Importer(815301076,1909f56bfc062723c751e8b465ee728b)
Start importing Assets/Assets/Prefab/TestProp&Prefab/Room(Test)/Rooms/Room_05.prefab using Guid(2c6f8ee1a16ece94f8f99fd4a1058220) Importer(815301076,1909f56bfc062723c751e8b465ee728b)  -> (artifact id: '1ff54e78a30ad7b39dac55fa4c167356') in 0.164084 seconds 
========================================================================
Received Import Request.
  Time since last request: 0.000156 seconds.
  path: Assets/Assets/Prefab/Room/Level1_Rooms/Room_5.prefab
  artifactKey: Guid(51a2b13f890bc244698694645454f87c) Importer(815301076,1909f56bfc062723c751e8b465ee728b)
Start importing Assets/Assets/Prefab/Room/Level1_Rooms/Room_5.prefab using Guid(51a2b13f890bc244698694645454f87c) Importer(815301076,1909f56bfc062723c751e8b465ee728b)  -> (artifact id: '23ce4b83fa0b791b1f860aa031a766a2') in 0.269854 seconds 
========================================================================
Received Import Request.
  Time since last request: 13.606919 seconds.
  path: Assets/Assets/Prefab/Room/Level1_Rooms/Room_6.prefab
  artifactKey: Guid(277802a3b8338a44495d025eef216807) Importer(815301076,1909f56bfc062723c751e8b465ee728b)
Start importing Assets/Assets/Prefab/Room/Level1_Rooms/Room_6.prefab using Guid(277802a3b8338a44495d025eef216807) Importer(815301076,1909f56bfc062723c751e8b465ee728b)  -> (artifact id: '186a136c6438d1f5a37920b773223d90') in 0.301409 seconds 
========================================================================
Received Import Request.
  Time since last request: 0.000207 seconds.
  path: Assets/Assets/Prefab/Room/Level1_Rooms/Room_7.prefab
  artifactKey: Guid(58bdb54ada4e64e4fb3759358543826d) Importer(815301076,1909f56bfc062723c751e8b465ee728b)
Start importing Assets/Assets/Prefab/Room/Level1_Rooms/Room_7.prefab using Guid(58bdb54ada4e64e4fb3759358543826d) Importer(815301076,1909f56bfc062723c751e8b465ee728b)  -> (artifact id: '2c958c56fe3af1ff6cb60e8cfcdd7b98') in 0.464531 seconds 
========================================================================
Received Import Request.
  Time since last request: 4.041264 seconds.
  path: Assets/Assets/Prefab/Room/Level1_Rooms/Room_8.prefab
  artifactKey: Guid(42c4a8daf51b5fd42953c17d2cb20042) Importer(815301076,1909f56bfc062723c751e8b465ee728b)
Start importing Assets/Assets/Prefab/Room/Level1_Rooms/Room_8.prefab using Guid(42c4a8daf51b5fd42953c17d2cb20042) Importer(815301076,1909f56bfc062723c751e8b465ee728b)  -> (artifact id: 'e7cdc66fff3687c07177e836ac80f218') in 0.440962 seconds 
========================================================================
Received Import Request.
  Time since last request: 80.017294 seconds.
  path: Assets/Assets/Prefab/Room/Level1_Rooms/Room_5.prefab
  artifactKey: Guid(51a2b13f890bc244698694645454f87c) Importer(815301076,1909f56bfc062723c751e8b465ee728b)
Start importing Assets/Assets/Prefab/Room/Level1_Rooms/Room_5.prefab using Guid(51a2b13f890bc244698694645454f87c) Importer(815301076,1909f56bfc062723c751e8b465ee728b)  -> (artifact id: 'ae64390c5e142f72a53aee87e9c74a8a') in 0.297441 seconds 
========================================================================
Received Prepare
Registering precompiled user dll's ...
Registered in 0.004677 seconds.
Begin MonoManager ReloadAssembly
Symbol file LoadedFromMemory doesn't match image D:\Unity\Shoot,Kill,Die,Repeat\Shoot-Kill-Die-Repeat\Library\PackageCache\com.unity.visualscripting@1.6.1\Editor\VisualScripting.Core\Dependencies\YamlDotNet\Unity.VisualScripting.YamlDotNet.dll
Symbol file LoadedFromMemory doesn't match image D:\Unity\Shoot,Kill,Die,Repeat\Shoot-Kill-Die-Repeat\Library\PackageCache\com.unity.visualscripting@1.6.1\Editor\VisualScripting.Core\Dependencies\DotNetZip\Unity.VisualScripting.IonicZip.dll
Native extension for WindowsStandalone target not found
Refreshing native plugins compatible for Editor in 1.31 ms, found 3 plugins.
Preloading 0 native plugins for Editor in 0.00 ms.
Warning: Annotation not found!
UnityEngine.StackTraceUtility:ExtractStackTrace ()
UnityEditor.ProBuilder.EditorUtility:SetGizmoIconEnabled (System.Type,bool) (at Library/PackageCache/com.unity.probuilder@5.0.3/Editor/EditorCore/EditorUtility.cs:575)
UnityEditor.ProBuilder.HierarchyListener:.cctor () (at Library/PackageCache/com.unity.probuilder@5.0.3/Editor/EditorCore/HierarchyListener.cs:21)
System.Runtime.CompilerServices.RuntimeHelpers:RunClassConstructor (System.RuntimeTypeHandle)
UnityEditor.EditorAssemblies:ProcessInitializeOnLoadAttributes (System.Type[])

[Library/PackageCache/com.unity.probuilder@5.0.3/Editor/EditorCore/EditorUtility.cs line 575]

Mono: successfully reloaded assembly
- Completed reload, in  1.384 seconds
Domain Reload Profiling:
	ReloadAssembly (1385ms)
		BeginReloadAssembly (153ms)
			ExecutionOrderSort (0ms)
			DisableScriptedObjects (8ms)
			BackupInstance (0ms)
			ReleaseScriptingObjects (0ms)
			CreateAndSetChildDomain (54ms)
		EndReloadAssembly (1162ms)
			LoadAssemblies (102ms)
			RebuildTransferFunctionScriptingTraits (0ms)
			SetupTypeCache (443ms)
			ReleaseScriptCaches (3ms)
			RebuildScriptCaches (56ms)
			SetupLoadedEditorAssemblies (396ms)
				LogAssemblyErrors (0ms)
				InitializePlatformSupportModulesInManaged (6ms)
				SetLoadedEditorAssemblies (0ms)
				RefreshPlugins (1ms)
				BeforeProcessingInitializeOnLoad (77ms)
				ProcessInitializeOnLoadAttributes (299ms)
				ProcessInitializeOnLoadMethodAttributes (7ms)
				AfterProcessingInitializeOnLoad (5ms)
				EditorAssembliesLoaded (0ms)
			ExecutionOrderSort2 (0ms)
			AwakeInstancesAfterBackupRestoration (16ms)
Platform modules already initialized, skipping
Shader 'WFX/Transparent Specular': fallback shader 'Particles/Alpha Blended' not found
Shader 'WFX/Transparent Diffuse': fallback shader 'Particles/Alpha Blended' not found
Refreshing native plugins compatible for Editor in 1.40 ms, found 3 plugins.
Preloading 0 native plugins for Editor in 0.00 ms.
Unloading 4657 Unused Serialized files (Serialized files now loaded: 0)
System memory in use before: 233.9 MB.
System memory in use after: 231.4 MB.

Unloading 51 unused Assets to reduce memory usage. Loaded Objects now: 5355.
Total: 4.749700 ms (FindLiveObjects: 0.545400 ms CreateObjectMapping: 0.128100 ms MarkObjects: 2.989700 ms  DeleteObjects: 1.085000 ms)

AssetImportParameters requested are different than current active one (requested -> active):
  custom:framework-win-MediaFoundation: 216162199b28c13a410421893ffa2e32 -> 
  custom:video-decoder-ogg-theora: a1e56fd34408186e4bbccfd4996cb3dc -> 
  custom:container-muxer-webm: aa71ff27fc2769a1b78a27578f13a17b -> 
  custom:container-demuxer-webm: 4f35f7cbe854078d1ac9338744f61a02 -> 
  custom:container-demuxer-ogg: 62fdf1f143b41e24485cea50d1cbac27 -> 
  custom:video-encoder-webm-vp8: eb34c28f22e8b96e1ab97ce403110664 -> 
  custom:video-decoder-webm-vp8: 9c59270c3fd7afecdb556c50c9e8de78 -> 
  custom:audio-decoder-ogg-vorbis: bf7c407c2cedff20999df2af8eb42d56 -> 
  custom:audio-encoder-webm-vorbis: bf7c407c2cedff20999df2af8eb42d56 -> 
========================================================================
Received Prepare
Registering precompiled user dll's ...
Registered in 0.004372 seconds.
Begin MonoManager ReloadAssembly
Symbol file LoadedFromMemory doesn't match image D:\Unity\Shoot,Kill,Die,Repeat\Shoot-Kill-Die-Repeat\Library\PackageCache\com.unity.visualscripting@1.6.1\Editor\VisualScripting.Core\Dependencies\YamlDotNet\Unity.VisualScripting.YamlDotNet.dll
Symbol file LoadedFromMemory doesn't match image D:\Unity\Shoot,Kill,Die,Repeat\Shoot-Kill-Die-Repeat\Library\PackageCache\com.unity.visualscripting@1.6.1\Editor\VisualScripting.Core\Dependencies\DotNetZip\Unity.VisualScripting.IonicZip.dll
Native extension for WindowsStandalone target not found
Refreshing native plugins compatible for Editor in 1.16 ms, found 3 plugins.
Preloading 0 native plugins for Editor in 0.00 ms.
Warning: Annotation not found!
UnityEngine.StackTraceUtility:ExtractStackTrace ()
UnityEditor.ProBuilder.EditorUtility:SetGizmoIconEnabled (System.Type,bool) (at Library/PackageCache/com.unity.probuilder@5.0.3/Editor/EditorCore/EditorUtility.cs:575)
UnityEditor.ProBuilder.HierarchyListener:.cctor () (at Library/PackageCache/com.unity.probuilder@5.0.3/Editor/EditorCore/HierarchyListener.cs:21)
System.Runtime.CompilerServices.RuntimeHelpers:RunClassConstructor (System.RuntimeTypeHandle)
UnityEditor.EditorAssemblies:ProcessInitializeOnLoadAttributes (System.Type[])

[Library/PackageCache/com.unity.probuilder@5.0.3/Editor/EditorCore/EditorUtility.cs line 575]

Mono: successfully reloaded assembly
- Completed reload, in  1.142 seconds
Domain Reload Profiling:
	ReloadAssembly (1143ms)
		BeginReloadAssembly (124ms)
			ExecutionOrderSort (0ms)
			DisableScriptedObjects (5ms)
			BackupInstance (0ms)
			ReleaseScriptingObjects (0ms)
			CreateAndSetChildDomain (39ms)
		EndReloadAssembly (958ms)
			LoadAssemblies (108ms)
			RebuildTransferFunctionScriptingTraits (0ms)
			SetupTypeCache (378ms)
			ReleaseScriptCaches (2ms)
			RebuildScriptCaches (44ms)
			SetupLoadedEditorAssemblies (304ms)
				LogAssemblyErrors (0ms)
				InitializePlatformSupportModulesInManaged (4ms)
				SetLoadedEditorAssemblies (0ms)
				RefreshPlugins (1ms)
				BeforeProcessingInitializeOnLoad (62ms)
				ProcessInitializeOnLoadAttributes (229ms)
				ProcessInitializeOnLoadMethodAttributes (4ms)
				AfterProcessingInitializeOnLoad (5ms)
				EditorAssembliesLoaded (0ms)
			ExecutionOrderSort2 (0ms)
			AwakeInstancesAfterBackupRestoration (13ms)
Platform modules already initialized, skipping
Shader 'WFX/Transparent Specular': fallback shader 'Particles/Alpha Blended' not found
Shader 'WFX/Transparent Diffuse': fallback shader 'Particles/Alpha Blended' not found
Refreshing native plugins compatible for Editor in 1.32 ms, found 3 plugins.
Preloading 0 native plugins for Editor in 0.00 ms.
Unloading 4657 Unused Serialized files (Serialized files now loaded: 0)
System memory in use before: 233.9 MB.
System memory in use after: 231.5 MB.

Unloading 50 unused Assets to reduce memory usage. Loaded Objects now: 5358.
Total: 4.614300 ms (FindLiveObjects: 0.376400 ms CreateObjectMapping: 0.122300 ms MarkObjects: 3.065000 ms  DeleteObjects: 1.049200 ms)

AssetImportParameters requested are different than current active one (requested -> active):
  custom:framework-win-MediaFoundation: 216162199b28c13a410421893ffa2e32 -> 
  custom:video-decoder-ogg-theora: a1e56fd34408186e4bbccfd4996cb3dc -> 
  custom:container-muxer-webm: aa71ff27fc2769a1b78a27578f13a17b -> 
  custom:container-demuxer-webm: 4f35f7cbe854078d1ac9338744f61a02 -> 
  custom:container-demuxer-ogg: 62fdf1f143b41e24485cea50d1cbac27 -> 
  custom:video-encoder-webm-vp8: eb34c28f22e8b96e1ab97ce403110664 -> 
  custom:video-decoder-webm-vp8: 9c59270c3fd7afecdb556c50c9e8de78 -> 
  custom:audio-decoder-ogg-vorbis: bf7c407c2cedff20999df2af8eb42d56 -> 
  custom:audio-encoder-webm-vorbis: bf7c407c2cedff20999df2af8eb42d56 -> 
========================================================================
Received Prepare
Registering precompiled user dll's ...
Registered in 0.004664 seconds.
Begin MonoManager ReloadAssembly
Symbol file LoadedFromMemory doesn't match image D:\Unity\Shoot,Kill,Die,Repeat\Shoot-Kill-Die-Repeat\Library\PackageCache\com.unity.visualscripting@1.6.1\Editor\VisualScripting.Core\Dependencies\YamlDotNet\Unity.VisualScripting.YamlDotNet.dll
Symbol file LoadedFromMemory doesn't match image D:\Unity\Shoot,Kill,Die,Repeat\Shoot-Kill-Die-Repeat\Library\PackageCache\com.unity.visualscripting@1.6.1\Editor\VisualScripting.Core\Dependencies\DotNetZip\Unity.VisualScripting.IonicZip.dll
Native extension for WindowsStandalone target not found
Refreshing native plugins compatible for Editor in 1.59 ms, found 3 plugins.
Preloading 0 native plugins for Editor in 0.00 ms.
Warning: Annotation not found!
UnityEngine.StackTraceUtility:ExtractStackTrace ()
UnityEditor.ProBuilder.EditorUtility:SetGizmoIconEnabled (System.Type,bool) (at Library/PackageCache/com.unity.probuilder@5.0.3/Editor/EditorCore/EditorUtility.cs:575)
UnityEditor.ProBuilder.HierarchyListener:.cctor () (at Library/PackageCache/com.unity.probuilder@5.0.3/Editor/EditorCore/HierarchyListener.cs:21)
System.Runtime.CompilerServices.RuntimeHelpers:RunClassConstructor (System.RuntimeTypeHandle)
UnityEditor.EditorAssemblies:ProcessInitializeOnLoadAttributes (System.Type[])

[Library/PackageCache/com.unity.probuilder@5.0.3/Editor/EditorCore/EditorUtility.cs line 575]

Mono: successfully reloaded assembly
- Completed reload, in  1.314 seconds
Domain Reload Profiling:
	ReloadAssembly (1315ms)
		BeginReloadAssembly (144ms)
			ExecutionOrderSort (0ms)
			DisableScriptedObjects (6ms)
			BackupInstance (0ms)
			ReleaseScriptingObjects (0ms)
			CreateAndSetChildDomain (58ms)
		EndReloadAssembly (1105ms)
			LoadAssemblies (97ms)
			RebuildTransferFunctionScriptingTraits (0ms)
			SetupTypeCache (424ms)
			ReleaseScriptCaches (2ms)
			RebuildScriptCaches (53ms)
			SetupLoadedEditorAssemblies (383ms)
				LogAssemblyErrors (0ms)
				InitializePlatformSupportModulesInManaged (6ms)
				SetLoadedEditorAssemblies (1ms)
				RefreshPlugins (2ms)
				BeforeProcessingInitializeOnLoad (80ms)
				ProcessInitializeOnLoadAttributes (284ms)
				ProcessInitializeOnLoadMethodAttributes (5ms)
				AfterProcessingInitializeOnLoad (5ms)
				EditorAssembliesLoaded (0ms)
			ExecutionOrderSort2 (0ms)
			AwakeInstancesAfterBackupRestoration (16ms)
Platform modules already initialized, skipping
Shader 'WFX/Transparent Specular': fallback shader 'Particles/Alpha Blended' not found
Shader 'WFX/Transparent Diffuse': fallback shader 'Particles/Alpha Blended' not found
Refreshing native plugins compatible for Editor in 1.32 ms, found 3 plugins.
Preloading 0 native plugins for Editor in 0.00 ms.
Unloading 4657 Unused Serialized files (Serialized files now loaded: 0)
System memory in use before: 233.8 MB.
System memory in use after: 231.2 MB.

Unloading 50 unused Assets to reduce memory usage. Loaded Objects now: 5361.
Total: 4.053200 ms (FindLiveObjects: 0.395300 ms CreateObjectMapping: 0.119800 ms MarkObjects: 2.460600 ms  DeleteObjects: 1.076200 ms)

AssetImportParameters requested are different than current active one (requested -> active):
  custom:framework-win-MediaFoundation: 216162199b28c13a410421893ffa2e32 -> 
  custom:video-decoder-ogg-theora: a1e56fd34408186e4bbccfd4996cb3dc -> 
  custom:container-muxer-webm: aa71ff27fc2769a1b78a27578f13a17b -> 
  custom:container-demuxer-webm: 4f35f7cbe854078d1ac9338744f61a02 -> 
  custom:container-demuxer-ogg: 62fdf1f143b41e24485cea50d1cbac27 -> 
  custom:video-encoder-webm-vp8: eb34c28f22e8b96e1ab97ce403110664 -> 
  custom:video-decoder-webm-vp8: 9c59270c3fd7afecdb556c50c9e8de78 -> 
  custom:audio-decoder-ogg-vorbis: bf7c407c2cedff20999df2af8eb42d56 -> 
  custom:audio-encoder-webm-vorbis: bf7c407c2cedff20999df2af8eb42d56 -> 
========================================================================
Received Import Request.
  Time since last request: 11191.254748 seconds.
  path: Assets/Assets/Audio/Music
  artifactKey: Guid(9fc7211e99f0a2e4983e35f4bb6343db) Importer(815301076,1909f56bfc062723c751e8b465ee728b)
Start importing Assets/Assets/Audio/Music using Guid(9fc7211e99f0a2e4983e35f4bb6343db) Importer(815301076,1909f56bfc062723c751e8b465ee728b)  -> (artifact id: '938209a826626cc9290f264a49bcd374') in 0.009238 seconds 
========================================================================
Received Prepare
Registering precompiled user dll's ...
Registered in 0.003873 seconds.
Begin MonoManager ReloadAssembly
Symbol file LoadedFromMemory doesn't match image D:\Unity\Shoot,Kill,Die,Repeat\Shoot-Kill-Die-Repeat\Library\PackageCache\com.unity.visualscripting@1.6.1\Editor\VisualScripting.Core\Dependencies\YamlDotNet\Unity.VisualScripting.YamlDotNet.dll
Symbol file LoadedFromMemory doesn't match image D:\Unity\Shoot,Kill,Die,Repeat\Shoot-Kill-Die-Repeat\Library\PackageCache\com.unity.visualscripting@1.6.1\Editor\VisualScripting.Core\Dependencies\DotNetZip\Unity.VisualScripting.IonicZip.dll
Native extension for WindowsStandalone target not found
Refreshing native plugins compatible for Editor in 1.46 ms, found 3 plugins.
Preloading 0 native plugins for Editor in 0.00 ms.
Warning: Annotation not found!
UnityEngine.StackTraceUtility:ExtractStackTrace ()
UnityEditor.ProBuilder.EditorUtility:SetGizmoIconEnabled (System.Type,bool) (at Library/PackageCache/com.unity.probuilder@5.0.3/Editor/EditorCore/EditorUtility.cs:575)
UnityEditor.ProBuilder.HierarchyListener:.cctor () (at Library/PackageCache/com.unity.probuilder@5.0.3/Editor/EditorCore/HierarchyListener.cs:21)
System.Runtime.CompilerServices.RuntimeHelpers:RunClassConstructor (System.RuntimeTypeHandle)
UnityEditor.EditorAssemblies:ProcessInitializeOnLoadAttributes (System.Type[])

[Library/PackageCache/com.unity.probuilder@5.0.3/Editor/EditorCore/EditorUtility.cs line 575]

Mono: successfully reloaded assembly
- Completed reload, in  1.115 seconds
Domain Reload Profiling:
	ReloadAssembly (1115ms)
		BeginReloadAssembly (102ms)
			ExecutionOrderSort (0ms)
			DisableScriptedObjects (5ms)
			BackupInstance (0ms)
			ReleaseScriptingObjects (0ms)
			CreateAndSetChildDomain (31ms)
		EndReloadAssembly (958ms)
			LoadAssemblies (77ms)
			RebuildTransferFunctionScriptingTraits (0ms)
			SetupTypeCache (370ms)
			ReleaseScriptCaches (2ms)
			RebuildScriptCaches (49ms)
			SetupLoadedEditorAssemblies (322ms)
				LogAssemblyErrors (0ms)
				InitializePlatformSupportModulesInManaged (5ms)
				SetLoadedEditorAssemblies (0ms)
				RefreshPlugins (2ms)
				BeforeProcessingInitializeOnLoad (68ms)
				ProcessInitializeOnLoadAttributes (239ms)
				ProcessInitializeOnLoadMethodAttributes (4ms)
				AfterProcessingInitializeOnLoad (4ms)
				EditorAssembliesLoaded (0ms)
			ExecutionOrderSort2 (0ms)
			AwakeInstancesAfterBackupRestoration (13ms)
Platform modules already initialized, skipping
Shader 'WFX/Transparent Specular': fallback shader 'Particles/Alpha Blended' not found
Shader 'WFX/Transparent Diffuse': fallback shader 'Particles/Alpha Blended' not found
Refreshing native plugins compatible for Editor in 1.26 ms, found 3 plugins.
Preloading 0 native plugins for Editor in 0.00 ms.
Unloading 4657 Unused Serialized files (Serialized files now loaded: 0)
System memory in use before: 234.0 MB.
System memory in use after: 231.4 MB.

Unloading 50 unused Assets to reduce memory usage. Loaded Objects now: 5364.
Total: 3.912500 ms (FindLiveObjects: 0.402500 ms CreateObjectMapping: 0.119400 ms MarkObjects: 2.358000 ms  DeleteObjects: 1.031000 ms)

AssetImportParameters requested are different than current active one (requested -> active):
  custom:framework-win-MediaFoundation: 216162199b28c13a410421893ffa2e32 -> 
  custom:video-decoder-ogg-theora: a1e56fd34408186e4bbccfd4996cb3dc -> 
  custom:container-muxer-webm: aa71ff27fc2769a1b78a27578f13a17b -> 
  custom:container-demuxer-webm: 4f35f7cbe854078d1ac9338744f61a02 -> 
  custom:container-demuxer-ogg: 62fdf1f143b41e24485cea50d1cbac27 -> 
  custom:video-encoder-webm-vp8: eb34c28f22e8b96e1ab97ce403110664 -> 
  custom:video-decoder-webm-vp8: 9c59270c3fd7afecdb556c50c9e8de78 -> 
  custom:audio-decoder-ogg-vorbis: bf7c407c2cedff20999df2af8eb42d56 -> 
  custom:audio-encoder-webm-vorbis: bf7c407c2cedff20999df2af8eb42d56 -> 
AssetImportWorkerClient::OnTransportError - code=2 error=End of file
